  Определение проектов для восстановления...
  Все проекты обновлены для восстановления.
o:\WEAKEST LINK SOPFTWARE AI TESTERING\obj\Debug\net10.0-windows\.NETCoreApp,Version=v10.0.AssemblyAttributes.cs(4,12): error CS0579: Повторяющийся атрибут "global::System.Runtime.Versioning.TargetFrameworkAttribute" [o:\WEAKEST LINK SOPFTWARE AI TESTERING\WeakestLink.csproj]
o:\WEAKEST LINK SOPFTWARE AI TESTERING\obj\Debug\net10.0-windows\WeakestLink.AssemblyInfo.cs(13,12): error CS0579: Повторяющийся атрибут "System.Reflection.AssemblyCompanyAttribute" [o:\WEAKEST LINK SOPFTWARE AI TESTERING\WeakestLink.csproj]
o:\WEAKEST LINK SOPFTWARE AI TESTERING\obj\Debug\net10.0-windows\WeakestLink.AssemblyInfo.cs(14,12): error CS0579: Повторяющийся атрибут "System.Reflection.AssemblyConfigurationAttribute" [o:\WEAKEST LINK SOPFTWARE AI TESTERING\WeakestLink.csproj]
o:\WEAKEST LINK SOPFTWARE AI TESTERING\obj\Debug\net10.0-windows\WeakestLink.AssemblyInfo.cs(15,12): error CS0579: Повторяющийся атрибут "System.Reflection.AssemblyFileVersionAttribute" [o:\WEAKEST LINK SOPFTWARE AI TESTERING\WeakestLink.csproj]
o:\WEAKEST LINK SOPFTWARE AI TESTERING\obj\Debug\net10.0-windows\WeakestLink.AssemblyInfo.cs(16,12): error CS0579: Повторяющийся атрибут "System.Reflection.AssemblyInformationalVersionAttribute" [o:\WEAKEST LINK SOPFTWARE AI TESTERING\WeakestLink.csproj]
o:\WEAKEST LINK SOPFTWARE AI TESTERING\obj\Debug\net10.0-windows\WeakestLink.AssemblyInfo.cs(17,12): error CS0579: Повторяющийся атрибут "System.Reflection.AssemblyProductAttribute" [o:\WEAKEST LINK SOPFTWARE AI TESTERING\WeakestLink.csproj]
o:\WEAKEST LINK SOPFTWARE AI TESTERING\obj\Debug\net10.0-windows\WeakestLink.AssemblyInfo.cs(18,12): error CS0579: Повторяющийся атрибут "System.Reflection.AssemblyTitleAttribute" [o:\WEAKEST LINK SOPFTWARE AI TESTERING\WeakestLink.csproj]
o:\WEAKEST LINK SOPFTWARE AI TESTERING\obj\Debug\net10.0-windows\WeakestLink.AssemblyInfo.cs(19,12): error CS0579: Повторяющийся атрибут "System.Reflection.AssemblyVersionAttribute" [o:\WEAKEST LINK SOPFTWARE AI TESTERING\WeakestLink.csproj]
o:\WEAKEST LINK SOPFTWARE AI TESTERING\obj\Debug\net10.0-windows\WeakestLink.AssemblyInfo.cs(20,12): error CS0579: Повторяющийся атрибут "System.Runtime.Versioning.TargetPlatformAttribute" [o:\WEAKEST LINK SOPFTWARE AI TESTERING\WeakestLink.csproj]
o:\WEAKEST LINK SOPFTWARE AI TESTERING\Network\GameClient.cs(19,36): warning CS8632: Аннотацию для ссылочных типов, допускающих значения NULL, следует использовать в коде только в контексте аннотаций "#nullable". [o:\WEAKEST LINK SOPFTWARE AI TESTERING\WeakestLink.csproj]
o:\WEAKEST LINK SOPFTWARE AI TESTERING\Network\GameClient.cs(20,28): warning CS8632: Аннотацию для ссылочных типов, допускающих значения NULL, следует использовать в коде только в контексте аннотаций "#nullable". [o:\WEAKEST LINK SOPFTWARE AI TESTERING\WeakestLink.csproj]
o:\WEAKEST LINK SOPFTWARE AI TESTERING\Network\GameClient.cs(21,28): warning CS8632: Аннотацию для ссылочных типов, допускающих значения NULL, следует использовать в коде только в контексте аннотаций "#nullable". [o:\WEAKEST LINK SOPFTWARE AI TESTERING\WeakestLink.csproj]
o:\WEAKEST LINK SOPFTWARE AI TESTERING\Audio\AudioManager.cs(27,22): warning CS8632: Аннотацию для ссылочных типов, допускающих значения NULL, следует использовать в коде только в контексте аннотаций "#nullable". [o:\WEAKEST LINK SOPFTWARE AI TESTERING\WeakestLink.csproj]
o:\WEAKEST LINK SOPFTWARE AI TESTERING\Network\GameClient.cs(16,26): warning CS8632: Аннотацию для ссылочных типов, допускающих значения NULL, следует использовать в коде только в контексте аннотаций "#nullable". [o:\WEAKEST LINK SOPFTWARE AI TESTERING\WeakestLink.csproj]
o:\WEAKEST LINK SOPFTWARE AI TESTERING\Audio\AudioManager.cs(136,55): warning CS8632: Аннотацию для ссылочных типов, допускающих значения NULL, следует использовать в коде только в контексте аннотаций "#nullable". [o:\WEAKEST LINK SOPFTWARE AI TESTERING\WeakestLink.csproj]
o:\WEAKEST LINK SOPFTWARE AI TESTERING\Network\GameServer.cs(18,28): warning CS8632: Аннотацию для ссылочных типов, допускающих значения NULL, следует использовать в коде только в контексте аннотаций "#nullable". [o:\WEAKEST LINK SOPFTWARE AI TESTERING\WeakestLink.csproj]
o:\WEAKEST LINK SOPFTWARE AI TESTERING\Network\AiBotTester.cs(38,98): warning CS8632: Аннотацию для ссылочных типов, допускающих значения NULL, следует использовать в коде только в контексте аннотаций "#nullable". [o:\WEAKEST LINK SOPFTWARE AI TESTERING\WeakestLink.csproj]
o:\WEAKEST LINK SOPFTWARE AI TESTERING\Views\BroadcastScreen.xaml.cs(420,34): warning CS8632: Аннотацию для ссылочных типов, допускающих значения NULL, следует использовать в коде только в контексте аннотаций "#nullable". [o:\WEAKEST LINK SOPFTWARE AI TESTERING\WeakestLink.csproj]
o:\WEAKEST LINK SOPFTWARE AI TESTERING\Core\GameEngine.cs(143,28): warning CS8632: Аннотацию для ссылочных типов, допускающих значения NULL, следует использовать в коде только в контексте аннотаций "#nullable". [o:\WEAKEST LINK SOPFTWARE AI TESTERING\WeakestLink.csproj]
o:\WEAKEST LINK SOPFTWARE AI TESTERING\Core\GameEngine.cs(555,36): warning CS8632: Аннотацию для ссылочных типов, допускающих значения NULL, следует использовать в коде только в контексте аннотаций "#nullable". [o:\WEAKEST LINK SOPFTWARE AI TESTERING\WeakestLink.csproj]
o:\WEAKEST LINK SOPFTWARE AI TESTERING\Core\Services\QuestionProvider.cs(62,28): warning CS8632: Аннотацию для ссылочных типов, допускающих значения NULL, следует использовать в коде только в контексте аннотаций "#nullable". [o:\WEAKEST LINK SOPFTWARE AI TESTERING\WeakestLink.csproj]
o:\WEAKEST LINK SOPFTWARE AI TESTERING\Network\AiBotTester.cs(147,34): warning CS8632: Аннотацию для ссылочных типов, допускающих значения NULL, следует использовать в коде только в контексте аннотаций "#nullable". [o:\WEAKEST LINK SOPFTWARE AI TESTERING\WeakestLink.csproj]
o:\WEAKEST LINK SOPFTWARE AI TESTERING\Audio\AudioManager.cs(13,29): warning CS8632: Аннотацию для ссылочных типов, допускающих значения NULL, следует использовать в коде только в контексте аннотаций "#nullable". [o:\WEAKEST LINK SOPFTWARE AI TESTERING\WeakestLink.csproj]
o:\WEAKEST LINK SOPFTWARE AI TESTERING\Network\GeminiTestPlayer.cs(25,30): warning CS8632: Аннотацию для ссылочных типов, допускающих значения NULL, следует использовать в коде только в контексте аннотаций "#nullable". [o:\WEAKEST LINK SOPFTWARE AI TESTERING\WeakestLink.csproj]
o:\WEAKEST LINK SOPFTWARE AI TESTERING\Network\GeminiBotClient.cs(37,92): warning CS8632: Аннотацию для ссылочных типов, допускающих значения NULL, следует использовать в коде только в контексте аннотаций "#nullable". [o:\WEAKEST LINK SOPFTWARE AI TESTERING\WeakestLink.csproj]
o:\WEAKEST LINK SOPFTWARE AI TESTERING\Audio\AudioManager.cs(14,32): warning CS8632: Аннотацию для ссылочных типов, допускающих значения NULL, следует использовать в коде только в контексте аннотаций "#nullable". [o:\WEAKEST LINK SOPFTWARE AI TESTERING\WeakestLink.csproj]
o:\WEAKEST LINK SOPFTWARE AI TESTERING\Audio\AudioManager.cs(15,29): warning CS8632: Аннотацию для ссылочных типов, допускающих значения NULL, следует использовать в коде только в контексте аннотаций "#nullable". [o:\WEAKEST LINK SOPFTWARE AI TESTERING\WeakestLink.csproj]
o:\WEAKEST LINK SOPFTWARE AI TESTERING\Views\HostScreenModern.xaml.cs(79,98): warning CS8632: Аннотацию для ссылочных типов, допускающих значения NULL, следует использовать в коде только в контексте аннотаций "#nullable". [o:\WEAKEST LINK SOPFTWARE AI TESTERING\WeakestLink.csproj]
o:\WEAKEST LINK SOPFTWARE AI TESTERING\Audio\AudioManager.cs(16,32): warning CS8632: Аннотацию для ссылочных типов, допускающих значения NULL, следует использовать в коде только в контексте аннотаций "#nullable". [o:\WEAKEST LINK SOPFTWARE AI TESTERING\WeakestLink.csproj]
o:\WEAKEST LINK SOPFTWARE AI TESTERING\Audio\AudioManager.cs(17,29): warning CS8632: Аннотацию для ссылочных типов, допускающих значения NULL, следует использовать в коде только в контексте аннотаций "#nullable". [o:\WEAKEST LINK SOPFTWARE AI TESTERING\WeakestLink.csproj]
o:\WEAKEST LINK SOPFTWARE AI TESTERING\Audio\AudioManager.cs(18,32): warning CS8632: Аннотацию для ссылочных типов, допускающих значения NULL, следует использовать в коде только в контексте аннотаций "#nullable". [o:\WEAKEST LINK SOPFTWARE AI TESTERING\WeakestLink.csproj]
o:\WEAKEST LINK SOPFTWARE AI TESTERING\Network\GeminiBotClient.cs(113,37): warning CS8632: Аннотацию для ссылочных типов, допускающих значения NULL, следует использовать в коде только в контексте аннотаций "#nullable". [o:\WEAKEST LINK SOPFTWARE AI TESTERING\WeakestLink.csproj]
o:\WEAKEST LINK SOPFTWARE AI TESTERING\Audio\AudioManager.cs(19,27): warning CS8632: Аннотацию для ссылочных типов, допускающих значения NULL, следует использовать в коде только в контексте аннотаций "#nullable". [o:\WEAKEST LINK SOPFTWARE AI TESTERING\WeakestLink.csproj]
o:\WEAKEST LINK SOPFTWARE AI TESTERING\Network\GeminiBotClient.cs(119,36): warning CS8632: Аннотацию для ссылочных типов, допускающих значения NULL, следует использовать в коде только в контексте аннотаций "#nullable". [o:\WEAKEST LINK SOPFTWARE AI TESTERING\WeakestLink.csproj]
o:\WEAKEST LINK SOPFTWARE AI TESTERING\Network\GeminiTestPlayer.cs(39,39): warning CS8632: Аннотацию для ссылочных типов, допускающих значения NULL, следует использовать в коде только в контексте аннотаций "#nullable". [o:\WEAKEST LINK SOPFTWARE AI TESTERING\WeakestLink.csproj]
o:\WEAKEST LINK SOPFTWARE AI TESTERING\Network\GeminiTestPlayer.cs(39,66): warning CS8632: Аннотацию для ссылочных типов, допускающих значения NULL, следует использовать в коде только в контексте аннотаций "#nullable". [o:\WEAKEST LINK SOPFTWARE AI TESTERING\WeakestLink.csproj]
o:\WEAKEST LINK SOPFTWARE AI TESTERING\Core\GameEngine.cs(553,28): warning CS8632: Аннотацию для ссылочных типов, допускающих значения NULL, следует использовать в коде только в контексте аннотаций "#nullable". [o:\WEAKEST LINK SOPFTWARE AI TESTERING\WeakestLink.csproj]
o:\WEAKEST LINK SOPFTWARE AI TESTERING\Network\WebRemoteController.cs(16,38): warning CS8632: Аннотацию для ссылочных типов, допускающих значения NULL, следует использовать в коде только в контексте аннотаций "#nullable". [o:\WEAKEST LINK SOPFTWARE AI TESTERING\WeakestLink.csproj]
o:\WEAKEST LINK SOPFTWARE AI TESTERING\Network\WebRemoteController.cs(17,40): warning CS8632: Аннотацию для ссылочных типов, допускающих значения NULL, следует использовать в коде только в контексте аннотаций "#nullable". [o:\WEAKEST LINK SOPFTWARE AI TESTERING\WeakestLink.csproj]
o:\WEAKEST LINK SOPFTWARE AI TESTERING\Network\WebRemoteController.cs(19,162): warning CS8632: Аннотацию для ссылочных типов, допускающих значения NULL, следует использовать в коде только в контексте аннотаций "#nullable". [o:\WEAKEST LINK SOPFTWARE AI TESTERING\WeakestLink.csproj]
o:\WEAKEST LINK SOPFTWARE AI TESTERING\Views\RoundStatsWindow.xaml.cs(232,93): warning CS8632: Аннотацию для ссылочных типов, допускающих значения NULL, следует использовать в коде только в контексте аннотаций "#nullable". [o:\WEAKEST LINK SOPFTWARE AI TESTERING\WeakestLink.csproj]
o:\WEAKEST LINK SOPFTWARE AI TESTERING\Views\RoundStatsWindow.xaml.cs(232,135): warning CS8632: Аннотацию для ссылочных типов, допускающих значения NULL, следует использовать в коде только в контексте аннотаций "#nullable". [o:\WEAKEST LINK SOPFTWARE AI TESTERING\WeakestLink.csproj]
o:\WEAKEST LINK SOPFTWARE AI TESTERING\Views\HostScreen.xaml.cs(462,58): warning CS8632: Аннотацию для ссылочных типов, допускающих значения NULL, следует использовать в коде только в контексте аннотаций "#nullable". [o:\WEAKEST LINK SOPFTWARE AI TESTERING\WeakestLink.csproj]
o:\WEAKEST LINK SOPFTWARE AI TESTERING\Views\HostScreenModern.xaml.cs(282,58): warning CS8632: Аннотацию для ссылочных типов, допускающих значения NULL, следует использовать в коде только в контексте аннотаций "#nullable". [o:\WEAKEST LINK SOPFTWARE AI TESTERING\WeakestLink.csproj]
o:\WEAKEST LINK SOPFTWARE AI TESTERING\Views\RoundStatsWindow.xaml.cs(21,104): warning CS8632: Аннотацию для ссылочных типов, допускающих значения NULL, следует использовать в коде только в контексте аннотаций "#nullable". [o:\WEAKEST LINK SOPFTWARE AI TESTERING\WeakestLink.csproj]
o:\WEAKEST LINK SOPFTWARE AI TESTERING\Views\OperatorPanel.xaml.cs(460,28): warning CS8632: Аннотацию для ссылочных типов, допускающих значения NULL, следует использовать в коде только в контексте аннотаций "#nullable". [o:\WEAKEST LINK SOPFTWARE AI TESTERING\WeakestLink.csproj]
o:\WEAKEST LINK SOPFTWARE AI TESTERING\Views\OperatorPanel.xaml.cs(1821,54): warning CS8632: Аннотацию для ссылочных типов, допускающих значения NULL, следует использовать в коде только в контексте аннотаций "#nullable". [o:\WEAKEST LINK SOPFTWARE AI TESTERING\WeakestLink.csproj]
o:\WEAKEST LINK SOPFTWARE AI TESTERING\Views\OperatorPanel.xaml.cs(1893,45): warning CS8632: Аннотацию для ссылочных типов, допускающих значения NULL, следует использовать в коде только в контексте аннотаций "#nullable". [o:\WEAKEST LINK SOPFTWARE AI TESTERING\WeakestLink.csproj]
o:\WEAKEST LINK SOPFTWARE AI TESTERING\Views\OperatorPanel.xaml.cs(2036,50): warning CS8632: Аннотацию для ссылочных типов, допускающих значения NULL, следует использовать в коде только в контексте аннотаций "#nullable". [o:\WEAKEST LINK SOPFTWARE AI TESTERING\WeakestLink.csproj]
o:\WEAKEST LINK SOPFTWARE AI TESTERING\Views\OperatorPanel.xaml.cs(3840,48): warning CS8632: Аннотацию для ссылочных типов, допускающих значения NULL, следует использовать в коде только в контексте аннотаций "#nullable". [o:\WEAKEST LINK SOPFTWARE AI TESTERING\WeakestLink.csproj]
o:\WEAKEST LINK SOPFTWARE AI TESTERING\Views\OperatorPanel.xaml.cs(51,29): warning CS8632: Аннотацию для ссылочных типов, допускающих значения NULL, следует использовать в коде только в контексте аннотаций "#nullable". [o:\WEAKEST LINK SOPFTWARE AI TESTERING\WeakestLink.csproj]
o:\WEAKEST LINK SOPFTWARE AI TESTERING\Views\OperatorPanel.xaml.cs(56,32): warning CS8632: Аннотацию для ссылочных типов, допускающих значения NULL, следует использовать в коде только в контексте аннотаций "#nullable". [o:\WEAKEST LINK SOPFTWARE AI TESTERING\WeakestLink.csproj]
o:\WEAKEST LINK SOPFTWARE AI TESTERING\Views\OperatorPanel.xaml.cs(58,36): warning CS8632: Аннотацию для ссылочных типов, допускающих значения NULL, следует использовать в коде только в контексте аннотаций "#nullable". [o:\WEAKEST LINK SOPFTWARE AI TESTERING\WeakestLink.csproj]
o:\WEAKEST LINK SOPFTWARE AI TESTERING\Views\OperatorPanel.xaml.cs(137,32): warning CS8632: Аннотацию для ссылочных типов, допускающих значения NULL, следует использовать в коде только в контексте аннотаций "#nullable". [o:\WEAKEST LINK SOPFTWARE AI TESTERING\WeakestLink.csproj]
o:\WEAKEST LINK SOPFTWARE AI TESTERING\Views\OperatorPanel.xaml.cs(144,33): warning CS8632: Аннотацию для ссылочных типов, допускающих значения NULL, следует использовать в коде только в контексте аннотаций "#nullable". [o:\WEAKEST LINK SOPFTWARE AI TESTERING\WeakestLink.csproj]
o:\WEAKEST LINK SOPFTWARE AI TESTERING\Views\OperatorPanel.xaml.cs(1567,29): warning CS8632: Аннотацию для ссылочных типов, допускающих значения NULL, следует использовать в коде только в контексте аннотаций "#nullable". [o:\WEAKEST LINK SOPFTWARE AI TESTERING\WeakestLink.csproj]
o:\WEAKEST LINK SOPFTWARE AI TESTERING\Views\OperatorPanel.xaml.cs(1568,23): warning CS8632: Аннотацию для ссылочных типов, допускающих значения NULL, следует использовать в коде только в контексте аннотаций "#nullable". [o:\WEAKEST LINK SOPFTWARE AI TESTERING\WeakestLink.csproj]
o:\WEAKEST LINK SOPFTWARE AI TESTERING\Views\OperatorPanel.xaml.cs(1803,32): warning CS8632: Аннотацию для ссылочных типов, допускающих значения NULL, следует использовать в коде только в контексте аннотаций "#nullable". [o:\WEAKEST LINK SOPFTWARE AI TESTERING\WeakestLink.csproj]
o:\WEAKEST LINK SOPFTWARE AI TESTERING\Views\OperatorPanel.xaml.cs(1988,32): warning CS8632: Аннотацию для ссылочных типов, допускающих значения NULL, следует использовать в коде только в контексте аннотаций "#nullable". [o:\WEAKEST LINK SOPFTWARE AI TESTERING\WeakestLink.csproj]
o:\WEAKEST LINK SOPFTWARE AI TESTERING\Views\OperatorPanel.xaml.cs(112,75): warning CS8632: Аннотацию для ссылочных типов, допускающих значения NULL, следует использовать в коде только в контексте аннотаций "#nullable". [o:\WEAKEST LINK SOPFTWARE AI TESTERING\WeakestLink.csproj]

Ошибка сборки.

o:\WEAKEST LINK SOPFTWARE AI TESTERING\Network\GameClient.cs(19,36): warning CS8632: Аннотацию для ссылочных типов, допускающих значения NULL, следует использовать в коде только в контексте аннотаций "#nullable". [o:\WEAKEST LINK SOPFTWARE AI TESTERING\WeakestLink.csproj]
o:\WEAKEST LINK SOPFTWARE AI TESTERING\Network\GameClient.cs(20,28): warning CS8632: Аннотацию для ссылочных типов, допускающих значения NULL, следует использовать в коде только в контексте аннотаций "#nullable". [o:\WEAKEST LINK SOPFTWARE AI TESTERING\WeakestLink.csproj]
o:\WEAKEST LINK SOPFTWARE AI TESTERING\Network\GameClient.cs(21,28): warning CS8632: Аннотацию для ссылочных типов, допускающих значения NULL, следует использовать в коде только в контексте аннотаций "#nullable". [o:\WEAKEST LINK SOPFTWARE AI TESTERING\WeakestLink.csproj]
o:\WEAKEST LINK SOPFTWARE AI TESTERING\Audio\AudioManager.cs(27,22): warning CS8632: Аннотацию для ссылочных типов, допускающих значения NULL, следует использовать в коде только в контексте аннотаций "#nullable". [o:\WEAKEST LINK SOPFTWARE AI TESTERING\WeakestLink.csproj]
o:\WEAKEST LINK SOPFTWARE AI TESTERING\Network\GameClient.cs(16,26): warning CS8632: Аннотацию для ссылочных типов, допускающих значения NULL, следует использовать в коде только в контексте аннотаций "#nullable". [o:\WEAKEST LINK SOPFTWARE AI TESTERING\WeakestLink.csproj]
o:\WEAKEST LINK SOPFTWARE AI TESTERING\Audio\AudioManager.cs(136,55): warning CS8632: Аннотацию для ссылочных типов, допускающих значения NULL, следует использовать в коде только в контексте аннотаций "#nullable". [o:\WEAKEST LINK SOPFTWARE AI TESTERING\WeakestLink.csproj]
o:\WEAKEST LINK SOPFTWARE AI TESTERING\Network\GameServer.cs(18,28): warning CS8632: Аннотацию для ссылочных типов, допускающих значения NULL, следует использовать в коде только в контексте аннотаций "#nullable". [o:\WEAKEST LINK SOPFTWARE AI TESTERING\WeakestLink.csproj]
o:\WEAKEST LINK SOPFTWARE AI TESTERING\Network\AiBotTester.cs(38,98): warning CS8632: Аннотацию для ссылочных типов, допускающих значения NULL, следует использовать в коде только в контексте аннотаций "#nullable". [o:\WEAKEST LINK SOPFTWARE AI TESTERING\WeakestLink.csproj]
o:\WEAKEST LINK SOPFTWARE AI TESTERING\Views\BroadcastScreen.xaml.cs(420,34): warning CS8632: Аннотацию для ссылочных типов, допускающих значения NULL, следует использовать в коде только в контексте аннотаций "#nullable". [o:\WEAKEST LINK SOPFTWARE AI TESTERING\WeakestLink.csproj]
o:\WEAKEST LINK SOPFTWARE AI TESTERING\Core\GameEngine.cs(143,28): warning CS8632: Аннотацию для ссылочных типов, допускающих значения NULL, следует использовать в коде только в контексте аннотаций "#nullable". [o:\WEAKEST LINK SOPFTWARE AI TESTERING\WeakestLink.csproj]
o:\WEAKEST LINK SOPFTWARE AI TESTERING\Core\GameEngine.cs(555,36): warning CS8632: Аннотацию для ссылочных типов, допускающих значения NULL, следует использовать в коде только в контексте аннотаций "#nullable". [o:\WEAKEST LINK SOPFTWARE AI TESTERING\WeakestLink.csproj]
o:\WEAKEST LINK SOPFTWARE AI TESTERING\Core\Services\QuestionProvider.cs(62,28): warning CS8632: Аннотацию для ссылочных типов, допускающих значения NULL, следует использовать в коде только в контексте аннотаций "#nullable". [o:\WEAKEST LINK SOPFTWARE AI TESTERING\WeakestLink.csproj]
o:\WEAKEST LINK SOPFTWARE AI TESTERING\Network\AiBotTester.cs(147,34): warning CS8632: Аннотацию для ссылочных типов, допускающих значения NULL, следует использовать в коде только в контексте аннотаций "#nullable". [o:\WEAKEST LINK SOPFTWARE AI TESTERING\WeakestLink.csproj]
o:\WEAKEST LINK SOPFTWARE AI TESTERING\Audio\AudioManager.cs(13,29): warning CS8632: Аннотацию для ссылочных типов, допускающих значения NULL, следует использовать в коде только в контексте аннотаций "#nullable". [o:\WEAKEST LINK SOPFTWARE AI TESTERING\WeakestLink.csproj]
o:\WEAKEST LINK SOPFTWARE AI TESTERING\Network\GeminiTestPlayer.cs(25,30): warning CS8632: Аннотацию для ссылочных типов, допускающих значения NULL, следует использовать в коде только в контексте аннотаций "#nullable". [o:\WEAKEST LINK SOPFTWARE AI TESTERING\WeakestLink.csproj]
o:\WEAKEST LINK SOPFTWARE AI TESTERING\Network\GeminiBotClient.cs(37,92): warning CS8632: Аннотацию для ссылочных типов, допускающих значения NULL, следует использовать в коде только в контексте аннотаций "#nullable". [o:\WEAKEST LINK SOPFTWARE AI TESTERING\WeakestLink.csproj]
o:\WEAKEST LINK SOPFTWARE AI TESTERING\Audio\AudioManager.cs(14,32): warning CS8632: Аннотацию для ссылочных типов, допускающих значения NULL, следует использовать в коде только в контексте аннотаций "#nullable". [o:\WEAKEST LINK SOPFTWARE AI TESTERING\WeakestLink.csproj]
o:\WEAKEST LINK SOPFTWARE AI TESTERING\Audio\AudioManager.cs(15,29): warning CS8632: Аннотацию для ссылочных типов, допускающих значения NULL, следует использовать в коде только в контексте аннотаций "#nullable". [o:\WEAKEST LINK SOPFTWARE AI TESTERING\WeakestLink.csproj]
o:\WEAKEST LINK SOPFTWARE AI TESTERING\Views\HostScreenModern.xaml.cs(79,98): warning CS8632: Аннотацию для ссылочных типов, допускающих значения NULL, следует использовать в коде только в контексте аннотаций "#nullable". [o:\WEAKEST LINK SOPFTWARE AI TESTERING\WeakestLink.csproj]
o:\WEAKEST LINK SOPFTWARE AI TESTERING\Audio\AudioManager.cs(16,32): warning CS8632: Аннотацию для ссылочных типов, допускающих значения NULL, следует использовать в коде только в контексте аннотаций "#nullable". [o:\WEAKEST LINK SOPFTWARE AI TESTERING\WeakestLink.csproj]
o:\WEAKEST LINK SOPFTWARE AI TESTERING\Audio\AudioManager.cs(17,29): warning CS8632: Аннотацию для ссылочных типов, допускающих значения NULL, следует использовать в коде только в контексте аннотаций "#nullable". [o:\WEAKEST LINK SOPFTWARE AI TESTERING\WeakestLink.csproj]
o:\WEAKEST LINK SOPFTWARE AI TESTERING\Audio\AudioManager.cs(18,32): warning CS8632: Аннотацию для ссылочных типов, допускающих значения NULL, следует использовать в коде только в контексте аннотаций "#nullable". [o:\WEAKEST LINK SOPFTWARE AI TESTERING\WeakestLink.csproj]
o:\WEAKEST LINK SOPFTWARE AI TESTERING\Network\GeminiBotClient.cs(113,37): warning CS8632: Аннотацию для ссылочных типов, допускающих значения NULL, следует использовать в коде только в контексте аннотаций "#nullable". [o:\WEAKEST LINK SOPFTWARE AI TESTERING\WeakestLink.csproj]
o:\WEAKEST LINK SOPFTWARE AI TESTERING\Audio\AudioManager.cs(19,27): warning CS8632: Аннотацию для ссылочных типов, допускающих значения NULL, следует использовать в коде только в контексте аннотаций "#nullable". [o:\WEAKEST LINK SOPFTWARE AI TESTERING\WeakestLink.csproj]
o:\WEAKEST LINK SOPFTWARE AI TESTERING\Network\GeminiBotClient.cs(119,36): warning CS8632: Аннотацию для ссылочных типов, допускающих значения NULL, следует использовать в коде только в контексте аннотаций "#nullable". [o:\WEAKEST LINK SOPFTWARE AI TESTERING\WeakestLink.csproj]
o:\WEAKEST LINK SOPFTWARE AI TESTERING\Network\GeminiTestPlayer.cs(39,39): warning CS8632: Аннотацию для ссылочных типов, допускающих значения NULL, следует использовать в коде только в контексте аннотаций "#nullable". [o:\WEAKEST LINK SOPFTWARE AI TESTERING\WeakestLink.csproj]
o:\WEAKEST LINK SOPFTWARE AI TESTERING\Network\GeminiTestPlayer.cs(39,66): warning CS8632: Аннотацию для ссылочных типов, допускающих значения NULL, следует использовать в коде только в контексте аннотаций "#nullable". [o:\WEAKEST LINK SOPFTWARE AI TESTERING\WeakestLink.csproj]
o:\WEAKEST LINK SOPFTWARE AI TESTERING\Core\GameEngine.cs(553,28): warning CS8632: Аннотацию для ссылочных типов, допускающих значения NULL, следует использовать в коде только в контексте аннотаций "#nullable". [o:\WEAKEST LINK SOPFTWARE AI TESTERING\WeakestLink.csproj]
o:\WEAKEST LINK SOPFTWARE AI TESTERING\Network\WebRemoteController.cs(16,38): warning CS8632: Аннотацию для ссылочных типов, допускающих значения NULL, следует использовать в коде только в контексте аннотаций "#nullable". [o:\WEAKEST LINK SOPFTWARE AI TESTERING\WeakestLink.csproj]
o:\WEAKEST LINK SOPFTWARE AI TESTERING\Network\WebRemoteController.cs(17,40): warning CS8632: Аннотацию для ссылочных типов, допускающих значения NULL, следует использовать в коде только в контексте аннотаций "#nullable". [o:\WEAKEST LINK SOPFTWARE AI TESTERING\WeakestLink.csproj]
o:\WEAKEST LINK SOPFTWARE AI TESTERING\Network\WebRemoteController.cs(19,162): warning CS8632: Аннотацию для ссылочных типов, допускающих значения NULL, следует использовать в коде только в контексте аннотаций "#nullable". [o:\WEAKEST LINK SOPFTWARE AI TESTERING\WeakestLink.csproj]
o:\WEAKEST LINK SOPFTWARE AI TESTERING\Views\RoundStatsWindow.xaml.cs(232,93): warning CS8632: Аннотацию для ссылочных типов, допускающих значения NULL, следует использовать в коде только в контексте аннотаций "#nullable". [o:\WEAKEST LINK SOPFTWARE AI TESTERING\WeakestLink.csproj]
o:\WEAKEST LINK SOPFTWARE AI TESTERING\Views\RoundStatsWindow.xaml.cs(232,135): warning CS8632: Аннотацию для ссылочных типов, допускающих значения NULL, следует использовать в коде только в контексте аннотаций "#nullable". [o:\WEAKEST LINK SOPFTWARE AI TESTERING\WeakestLink.csproj]
o:\WEAKEST LINK SOPFTWARE AI TESTERING\Views\HostScreen.xaml.cs(462,58): warning CS8632: Аннотацию для ссылочных типов, допускающих значения NULL, следует использовать в коде только в контексте аннотаций "#nullable". [o:\WEAKEST LINK SOPFTWARE AI TESTERING\WeakestLink.csproj]
o:\WEAKEST LINK SOPFTWARE AI TESTERING\Views\HostScreenModern.xaml.cs(282,58): warning CS8632: Аннотацию для ссылочных типов, допускающих значения NULL, следует использовать в коде только в контексте аннотаций "#nullable". [o:\WEAKEST LINK SOPFTWARE AI TESTERING\WeakestLink.csproj]
o:\WEAKEST LINK SOPFTWARE AI TESTERING\Views\RoundStatsWindow.xaml.cs(21,104): warning CS8632: Аннотацию для ссылочных типов, допускающих значения NULL, следует использовать в коде только в контексте аннотаций "#nullable". [o:\WEAKEST LINK SOPFTWARE AI TESTERING\WeakestLink.csproj]
o:\WEAKEST LINK SOPFTWARE AI TESTERING\Views\OperatorPanel.xaml.cs(460,28): warning CS8632: Аннотацию для ссылочных типов, допускающих значения NULL, следует использовать в коде только в контексте аннотаций "#nullable". [o:\WEAKEST LINK SOPFTWARE AI TESTERING\WeakestLink.csproj]
o:\WEAKEST LINK SOPFTWARE AI TESTERING\Views\OperatorPanel.xaml.cs(1821,54): warning CS8632: Аннотацию для ссылочных типов, допускающих значения NULL, следует использовать в коде только в контексте аннотаций "#nullable". [o:\WEAKEST LINK SOPFTWARE AI TESTERING\WeakestLink.csproj]
o:\WEAKEST LINK SOPFTWARE AI TESTERING\Views\OperatorPanel.xaml.cs(1893,45): warning CS8632: Аннотацию для ссылочных типов, допускающих значения NULL, следует использовать в коде только в контексте аннотаций "#nullable". [o:\WEAKEST LINK SOPFTWARE AI TESTERING\WeakestLink.csproj]
o:\WEAKEST LINK SOPFTWARE AI TESTERING\Views\OperatorPanel.xaml.cs(2036,50): warning CS8632: Аннотацию для ссылочных типов, допускающих значения NULL, следует использовать в коде только в контексте аннотаций "#nullable". [o:\WEAKEST LINK SOPFTWARE AI TESTERING\WeakestLink.csproj]
o:\WEAKEST LINK SOPFTWARE AI TESTERING\Views\OperatorPanel.xaml.cs(3840,48): warning CS8632: Аннотацию для ссылочных типов, допускающих значения NULL, следует использовать в коде только в контексте аннотаций "#nullable". [o:\WEAKEST LINK SOPFTWARE AI TESTERING\WeakestLink.csproj]
o:\WEAKEST LINK SOPFTWARE AI TESTERING\Views\OperatorPanel.xaml.cs(51,29): warning CS8632: Аннотацию для ссылочных типов, допускающих значения NULL, следует использовать в коде только в контексте аннотаций "#nullable". [o:\WEAKEST LINK SOPFTWARE AI TESTERING\WeakestLink.csproj]
o:\WEAKEST LINK SOPFTWARE AI TESTERING\Views\OperatorPanel.xaml.cs(56,32): warning CS8632: Аннотацию для ссылочных типов, допускающих значения NULL, следует использовать в коде только в контексте аннотаций "#nullable". [o:\WEAKEST LINK SOPFTWARE AI TESTERING\WeakestLink.csproj]
o:\WEAKEST LINK SOPFTWARE AI TESTERING\Views\OperatorPanel.xaml.cs(58,36): warning CS8632: Аннотацию для ссылочных типов, допускающих значения NULL, следует использовать в коде только в контексте аннотаций "#nullable". [o:\WEAKEST LINK SOPFTWARE AI TESTERING\WeakestLink.csproj]
o:\WEAKEST LINK SOPFTWARE AI TESTERING\Views\OperatorPanel.xaml.cs(137,32): warning CS8632: Аннотацию для ссылочных типов, допускающих значения NULL, следует использовать в коде только в контексте аннотаций "#nullable". [o:\WEAKEST LINK SOPFTWARE AI TESTERING\WeakestLink.csproj]
o:\WEAKEST LINK SOPFTWARE AI TESTERING\Views\OperatorPanel.xaml.cs(144,33): warning CS8632: Аннотацию для ссылочных типов, допускающих значения NULL, следует использовать в коде только в контексте аннотаций "#nullable". [o:\WEAKEST LINK SOPFTWARE AI TESTERING\WeakestLink.csproj]
o:\WEAKEST LINK SOPFTWARE AI TESTERING\Views\OperatorPanel.xaml.cs(1567,29): warning CS8632: Аннотацию для ссылочных типов, допускающих значения NULL, следует использовать в коде только в контексте аннотаций "#nullable". [o:\WEAKEST LINK SOPFTWARE AI TESTERING\WeakestLink.csproj]
o:\WEAKEST LINK SOPFTWARE AI TESTERING\Views\OperatorPanel.xaml.cs(1568,23): warning CS8632: Аннотацию для ссылочных типов, допускающих значения NULL, следует использовать в коде только в контексте аннотаций "#nullable". [o:\WEAKEST LINK SOPFTWARE AI TESTERING\WeakestLink.csproj]
o:\WEAKEST LINK SOPFTWARE AI TESTERING\Views\OperatorPanel.xaml.cs(1803,32): warning CS8632: Аннотацию для ссылочных типов, допускающих значения NULL, следует использовать в коде только в контексте аннотаций "#nullable". [o:\WEAKEST LINK SOPFTWARE AI TESTERING\WeakestLink.csproj]
o:\WEAKEST LINK SOPFTWARE AI TESTERING\Views\OperatorPanel.xaml.cs(1988,32): warning CS8632: Аннотацию для ссылочных типов, допускающих значения NULL, следует использовать в коде только в контексте аннотаций "#nullable". [o:\WEAKEST LINK SOPFTWARE AI TESTERING\WeakestLink.csproj]
o:\WEAKEST LINK SOPFTWARE AI TESTERING\Views\OperatorPanel.xaml.cs(112,75): warning CS8632: Аннотацию для ссылочных типов, допускающих значения NULL, следует использовать в коде только в контексте аннотаций "#nullable". [o:\WEAKEST LINK SOPFTWARE AI TESTERING\WeakestLink.csproj]
o:\WEAKEST LINK SOPFTWARE AI TESTERING\obj\Debug\net10.0-windows\.NETCoreApp,Version=v10.0.AssemblyAttributes.cs(4,12): error CS0579: Повторяющийся атрибут "global::System.Runtime.Versioning.TargetFrameworkAttribute" [o:\WEAKEST LINK SOPFTWARE AI TESTERING\WeakestLink.csproj]
o:\WEAKEST LINK SOPFTWARE AI TESTERING\obj\Debug\net10.0-windows\WeakestLink.AssemblyInfo.cs(13,12): error CS0579: Повторяющийся атрибут "System.Reflection.AssemblyCompanyAttribute" [o:\WEAKEST LINK SOPFTWARE AI TESTERING\WeakestLink.csproj]
o:\WEAKEST LINK SOPFTWARE AI TESTERING\obj\Debug\net10.0-windows\WeakestLink.AssemblyInfo.cs(14,12): error CS0579: Повторяющийся атрибут "System.Reflection.AssemblyConfigurationAttribute" [o:\WEAKEST LINK SOPFTWARE AI TESTERING\WeakestLink.csproj]
o:\WEAKEST LINK SOPFTWARE AI TESTERING\obj\Debug\net10.0-windows\WeakestLink.AssemblyInfo.cs(15,12): error CS0579: Повторяющийся атрибут "System.Reflection.AssemblyFileVersionAttribute" [o:\WEAKEST LINK SOPFTWARE AI TESTERING\WeakestLink.csproj]
o:\WEAKEST LINK SOPFTWARE AI TESTERING\obj\Debug\net10.0-windows\WeakestLink.AssemblyInfo.cs(16,12): error CS0579: Повторяющийся атрибут "System.Reflection.AssemblyInformationalVersionAttribute" [o:\WEAKEST LINK SOPFTWARE AI TESTERING\WeakestLink.csproj]
o:\WEAKEST LINK SOPFTWARE AI TESTERING\obj\Debug\net10.0-windows\WeakestLink.AssemblyInfo.cs(17,12): error CS0579: Повторяющийся атрибут "System.Reflection.AssemblyProductAttribute" [o:\WEAKEST LINK SOPFTWARE AI TESTERING\WeakestLink.csproj]
o:\WEAKEST LINK SOPFTWARE AI TESTERING\obj\Debug\net10.0-windows\WeakestLink.AssemblyInfo.cs(18,12): error CS0579: Повторяющийся атрибут "System.Reflection.AssemblyTitleAttribute" [o:\WEAKEST LINK SOPFTWARE AI TESTERING\WeakestLink.csproj]
o:\WEAKEST LINK SOPFTWARE AI TESTERING\obj\Debug\net10.0-windows\WeakestLink.AssemblyInfo.cs(19,12): error CS0579: Повторяющийся атрибут "System.Reflection.AssemblyVersionAttribute" [o:\WEAKEST LINK SOPFTWARE AI TESTERING\WeakestLink.csproj]
o:\WEAKEST LINK SOPFTWARE AI TESTERING\obj\Debug\net10.0-windows\WeakestLink.AssemblyInfo.cs(20,12): error CS0579: Повторяющийся атрибут "System.Runtime.Versioning.TargetPlatformAttribute" [o:\WEAKEST LINK SOPFTWARE AI TESTERING\WeakestLink.csproj]
    Предупреждений: 51
    Ошибок: 9

Прошло времени 00:00:01.06
